{
  "RSpec": {
    "coverage": {
      "/Users/Geoffrey/turing/3module/RailsEngine/config/environment.rb": [
        null,
        1,
        null,
        null,
        1
      ],
      "/Users/Geoffrey/turing/3module/RailsEngine/config/application.rb": [
        1,
        null,
        1,
        null,
        1,
        1,
        1,
        1,
        1,
        1,
        1,
        1,
        null,
        null,
        null,
        null,
        null,
        1,
        null,
        1,
        1,
        null,
        1,
        null,
        null,
        null,
        null,
        null,
        null,
        null,
        null,
        null,
        1,
        null,
        null
      ],
      "/Users/Geoffrey/turing/3module/RailsEngine/config/boot.rb": [
        1,
        null,
        1,
        1
      ],
      "/Users/Geoffrey/turing/3module/RailsEngine/config/environments/test.rb": [
        1,
        null,
        null,
        null,
        null,
        null,
        null,
        1,
        null,
        null,
        null,
        null,
        1,
        null,
        null,
        1,
        1,
        null,
        null,
        null,
        null,
        1,
        1,
        null,
        null,
        1,
        null,
        null,
        1,
        null,
        null,
        1,
        null,
        1,
        null,
        null,
        null,
        null,
        1,
        null,
        null,
        1,
        null,
        null,
        null,
        null
      ],
      "/Users/Geoffrey/turing/3module/RailsEngine/config/initializers/application_controller_renderer.rb": [
        null,
        null,
        null,
        null,
        null,
        null,
        null,
        null
      ],
      "/Users/Geoffrey/turing/3module/RailsEngine/config/initializers/backtrace_silencers.rb": [
        null,
        null,
        null,
        null,
        null,
        null,
        null
      ],
      "/Users/Geoffrey/turing/3module/RailsEngine/config/initializers/cors.rb": [
        null,
        null,
        null,
        null,
        null,
        null,
        null,
        null,
        null,
        null,
        null,
        null,
        null,
        null,
        null,
        null
      ],
      "/Users/Geoffrey/turing/3module/RailsEngine/config/initializers/filter_parameter_logging.rb": [
        null,
        null,
        null,
        1
      ],
      "/Users/Geoffrey/turing/3module/RailsEngine/config/initializers/inflections.rb": [
        null,
        null,
        null,
        null,
        null,
        null,
        null,
        null,
        null,
        null,
        null,
        null,
        null,
        null,
        null,
        null
      ],
      "/Users/Geoffrey/turing/3module/RailsEngine/config/initializers/mime_types.rb": [
        null,
        null,
        null,
        null
      ],
      "/Users/Geoffrey/turing/3module/RailsEngine/config/initializers/wrap_parameters.rb": [
        null,
        null,
        null,
        null,
        null,
        null,
        1,
        1,
        null,
        null,
        null,
        null,
        null,
        null
      ],
      "/Users/Geoffrey/turing/3module/RailsEngine/spec/factories/customers.rb": [
        1,
        1,
        5,
        5,
        null,
        null
      ],
      "/Users/Geoffrey/turing/3module/RailsEngine/spec/factories/invoice_items.rb": [
        1,
        1,
        1,
        1,
        1,
        1,
        null,
        null
      ],
      "/Users/Geoffrey/turing/3module/RailsEngine/spec/factories/invoices.rb": [
        1,
        1,
        5,
        1,
        5,
        null,
        null
      ],
      "/Users/Geoffrey/turing/3module/RailsEngine/spec/factories/items.rb": [
        1,
        1,
        1,
        2,
        2,
        2,
        null,
        null
      ],
      "/Users/Geoffrey/turing/3module/RailsEngine/spec/factories/merchants.rb": [
        1,
        1,
        1,
        5,
        5,
        null,
        null
      ],
      "/Users/Geoffrey/turing/3module/RailsEngine/spec/factories/transactions.rb": [
        1,
        1,
        1,
        5,
        5,
        1,
        null,
        null
      ],
      "/Users/Geoffrey/turing/3module/RailsEngine/config/routes.rb": [
        1,
        null,
        1,
        1,
        null,
        1,
        1,
        1,
        1,
        null,
        null,
        1,
        1,
        1,
        1,
        null,
        null,
        1,
        1,
        1,
        1,
        null,
        null,
        1,
        1,
        1,
        1,
        null,
        1,
        1,
        1,
        null,
        null,
        1,
        1,
        1,
        1,
        null,
        null,
        1,
        1,
        1,
        1,
        null,
        null,
        null,
        1,
        1,
        1,
        null,
        null,
        1,
        1,
        1,
        null,
        null,
        1,
        1,
        1,
        null,
        null,
        1,
        1,
        1,
        1,
        1,
        1,
        null,
        null,
        1,
        1,
        1,
        null,
        null,
        1,
        1,
        null,
        null,
        null,
        null
      ],
      "/Users/Geoffrey/turing/3module/RailsEngine/app/models/merchant.rb": [
        1,
        null,
        1,
        null,
        1,
        1,
        1,
        null,
        null,
        null,
        1,
        null,
        null,
        null,
        null,
        null,
        null,
        0,
        null,
        null,
        1,
        null,
        null,
        null,
        null,
        null,
        0,
        null,
        null,
        1,
        0,
        null,
        null,
        null,
        null,
        null,
        0,
        null,
        null,
        null,
        null
      ],
      "/Users/Geoffrey/turing/3module/RailsEngine/app/models/application_record.rb": [
        1,
        1,
        null
      ],
      "/Users/Geoffrey/turing/3module/RailsEngine/app/models/invoice.rb": [
        1,
        null,
        1,
        null,
        1,
        1,
        null,
        1,
        1,
        null,
        1,
        null,
        null
      ],
      "/Users/Geoffrey/turing/3module/RailsEngine/app/models/customer.rb": [
        1,
        null,
        1,
        null,
        1,
        null,
        null
      ],
      "/Users/Geoffrey/turing/3module/RailsEngine/app/models/item.rb": [
        1,
        null,
        1,
        null,
        1,
        null,
        1,
        1,
        null,
        1,
        null,
        null,
        null,
        null,
        null,
        null,
        1,
        null,
        null,
        1,
        null,
        null,
        null,
        null,
        0,
        null,
        null
      ],
      "/Users/Geoffrey/turing/3module/RailsEngine/app/models/invoice_item.rb": [
        1,
        null,
        1,
        null,
        1,
        1,
        null,
        1,
        0,
        null,
        null,
        1,
        0,
        null,
        null,
        1,
        null,
        null,
        null,
        null,
        0,
        null,
        null,
        null
      ],
      "/Users/Geoffrey/turing/3module/RailsEngine/app/models/transaction.rb": [
        1,
        null,
        1,
        null,
        1,
        null,
        1,
        null
      ]
    },
    "timestamp": 1543775325
  }
}
